{"uid":"5888c6cd2320ddcd","name":"摄像头关闭功能验证","fullName":"functional.test_device_setting_page.TestDeviceSetting#test_camera_close","historyId":"42c07cfb91613e5755c8b1501dc6cbc5","time":{"start":1749802276045,"stop":1749802289275,"duration":13230},"description":"验证关闭摄像头后，视频流是否呈现关闭状态","descriptionHtml":"<p>验证关闭摄像头后，视频流是否呈现关闭状态</p>\n","status":"broken","statusMessage":"selenium.common.exceptions.TimeoutException: Message: \nStacktrace:\nNoSuchElementError: An element could not be located on the page using the given search parameters.\n    at AndroidUiautomator2Driver.findElOrEls (/Users/luson/.appium/node_modules/appium-uiautomator2-driver/node_modules/appium-android-driver/lib/commands/find.ts:86:11)\n    at processTicksAndRejections (node:internal/process/task_queues:105:5)\n    at AndroidUiautomator2Driver.findElOrElsWithProcessing (/usr/local/lib/node_modules/appium/node_modules/@appium/base-driver/lib/basedriver/commands/find.ts:60:12)\n    at AndroidUiautomator2Driver.findElement (/usr/local/lib/node_modules/appium/node_modules/@appium/base-driver/lib/basedriver/commands/find.ts:75:12)","statusTrace":"self = <functional.test_device_setting_page.TestDeviceSetting object at 0x11caa1e50>\nsetup_device_setting_page = <lib.device_setting_page.DeviceSettingPage object at 0x11ce28050>\n\n    @allure.feature(\"摄像头关闭功能验证\")\n    @allure.title(\"摄像头关闭功能验证\")\n    @allure.description(\"验证关闭摄像头后，视频流是否呈现关闭状态\")\n    @allure.severity(allure.severity_level.CRITICAL)\n    @allure.tag(\"smoke\", \"camera\")\n    def test_camera_close(self,setup_device_setting_page):\n        device_setting_page = setup_device_setting_page\n        with allure.step('关闭摄像头'):\n>           close_camera_sign = device_setting_page.close_camera()\n\ntests/functional/test_device_setting_page.py:21: \n_ _ _ _ _ _ _ _ _ _ _ _ _ _ _ _ _ _ _ _ _ _ _ _ _ _ _ _ _ _ _ _ _ _ _ _ _ _ _ _ \nlib/device_setting_page.py:145: in close_camera\n    camera_control_page = home_page.to_camera_control_page()\nlib/home_page.py:33: in to_camera_control_page\n    self.find_and_click(HomeLocators.play_btn, 'play_btn')\nbase/basepage.py:282: in find_and_click\n    ele = self.wait_ele_clickable(locator, step_name)\nbase/basepage.py:229: in wait_ele_clickable\n    ele = WebDriverWait(self.driver, self.timeout).until(\n_ _ _ _ _ _ _ _ _ _ _ _ _ _ _ _ _ _ _ _ _ _ _ _ _ _ _ _ _ _ _ _ _ _ _ _ _ _ _ _ \n\nself = <selenium.webdriver.support.wait.WebDriverWait (session=\"fc2c5f71-cb17-4ddf-be26-043c4d062102\")>\nmethod = <function element_to_be_clickable.<locals>._predicate at 0x11cde0400>\nmessage = ''\n\n    def until(self, method: Callable[[D], Union[Literal[False], T]], message: str = \"\") -> T:\n        \"\"\"Wait until the method returns a value that is not False.\n    \n        Calls the method provided with the driver as an argument until the\n        return value does not evaluate to ``False``.\n    \n        Parameters:\n        -----------\n        method: callable(WebDriver)\n            - A callable object that takes a WebDriver instance as an argument.\n    \n        message: str\n            - Optional message for :exc:`TimeoutException`\n    \n        Return:\n        -------\n        object: T\n            - The result of the last call to `method`\n    \n        Raises:\n        -------\n        TimeoutException\n            - If 'method' does not return a truthy value within the WebDriverWait\n            object's timeout\n    \n        Example:\n        --------\n        >>> from selenium.webdriver.common.by import By\n        >>> from selenium.webdriver.support.ui import WebDriverWait\n        >>> from selenium.webdriver.support import expected_conditions as EC\n    \n        # Wait until an element is visible on the page\n        >>> wait = WebDriverWait(driver, 10)\n        >>> element = wait.until(EC.visibility_of_element_located((By.ID, \"exampleId\")))\n        >>> print(element.text)\n        \"\"\"\n        screen = None\n        stacktrace = None\n    \n        end_time = time.monotonic() + self._timeout\n        while True:\n            try:\n                value = method(self._driver)\n                if value:\n                    return value\n            except self._ignored_exceptions as exc:\n                screen = getattr(exc, \"screen\", None)\n                stacktrace = getattr(exc, \"stacktrace\", None)\n            if time.monotonic() > end_time:\n                break\n            time.sleep(self._poll)\n>       raise TimeoutException(message, screen, stacktrace)\nE       selenium.common.exceptions.TimeoutException: Message: \nE       Stacktrace:\nE       NoSuchElementError: An element could not be located on the page using the given search parameters.\nE           at AndroidUiautomator2Driver.findElOrEls (/Users/luson/.appium/node_modules/appium-uiautomator2-driver/node_modules/appium-android-driver/lib/commands/find.ts:86:11)\nE           at processTicksAndRejections (node:internal/process/task_queues:105:5)\nE           at AndroidUiautomator2Driver.findElOrElsWithProcessing (/usr/local/lib/node_modules/appium/node_modules/@appium/base-driver/lib/basedriver/commands/find.ts:60:12)\nE           at AndroidUiautomator2Driver.findElement (/usr/local/lib/node_modules/appium/node_modules/@appium/base-driver/lib/basedriver/commands/find.ts:75:12)\n\nvenv/lib/python3.13/site-packages/selenium/webdriver/support/wait.py:146: TimeoutException","flaky":false,"newFailed":false,"newBroken":false,"newPassed":false,"retriesCount":1,"retriesStatusChange":true,"beforeStages":[{"name":"driver","time":{"start":1749801618954,"stop":1749801620960,"duration":2006},"status":"passed","steps":[],"attachments":[],"parameters":[],"stepsCount":0,"hasContent":false,"shouldDisplayMessage":false,"attachmentsCount":0,"attachmentStep":false},{"name":"login","time":{"start":1749801759759,"stop":1749801759829,"duration":70},"status":"passed","steps":[],"attachments":[],"parameters":[],"stepsCount":0,"hasContent":false,"shouldDisplayMessage":false,"attachmentsCount":0,"attachmentStep":false},{"name":"setup_camera_setting_page","time":{"start":1749802267567,"stop":1749802274776,"duration":7209},"status":"passed","steps":[],"attachments":[],"parameters":[],"stepsCount":0,"hasContent":false,"shouldDisplayMessage":false,"attachmentsCount":0,"attachmentStep":false},{"name":"setup_device_setting_page","time":{"start":1749802274776,"stop":1749802276044,"duration":1268},"status":"passed","steps":[],"attachments":[],"parameters":[],"stepsCount":0,"hasContent":false,"shouldDisplayMessage":false,"attachmentsCount":0,"attachmentStep":false}],"testStage":{"description":"验证关闭摄像头后，视频流是否呈现关闭状态","status":"broken","statusMessage":"selenium.common.exceptions.TimeoutException: Message: \nStacktrace:\nNoSuchElementError: An element could not be located on the page using the given search parameters.\n    at AndroidUiautomator2Driver.findElOrEls (/Users/luson/.appium/node_modules/appium-uiautomator2-driver/node_modules/appium-android-driver/lib/commands/find.ts:86:11)\n    at processTicksAndRejections (node:internal/process/task_queues:105:5)\n    at AndroidUiautomator2Driver.findElOrElsWithProcessing (/usr/local/lib/node_modules/appium/node_modules/@appium/base-driver/lib/basedriver/commands/find.ts:60:12)\n    at AndroidUiautomator2Driver.findElement (/usr/local/lib/node_modules/appium/node_modules/@appium/base-driver/lib/basedriver/commands/find.ts:75:12)","statusTrace":"self = <functional.test_device_setting_page.TestDeviceSetting object at 0x11caa1e50>\nsetup_device_setting_page = <lib.device_setting_page.DeviceSettingPage object at 0x11ce28050>\n\n    @allure.feature(\"摄像头关闭功能验证\")\n    @allure.title(\"摄像头关闭功能验证\")\n    @allure.description(\"验证关闭摄像头后，视频流是否呈现关闭状态\")\n    @allure.severity(allure.severity_level.CRITICAL)\n    @allure.tag(\"smoke\", \"camera\")\n    def test_camera_close(self,setup_device_setting_page):\n        device_setting_page = setup_device_setting_page\n        with allure.step('关闭摄像头'):\n>           close_camera_sign = device_setting_page.close_camera()\n\ntests/functional/test_device_setting_page.py:21: \n_ _ _ _ _ _ _ _ _ _ _ _ _ _ _ _ _ _ _ _ _ _ _ _ _ _ _ _ _ _ _ _ _ _ _ _ _ _ _ _ \nlib/device_setting_page.py:145: in close_camera\n    camera_control_page = home_page.to_camera_control_page()\nlib/home_page.py:33: in to_camera_control_page\n    self.find_and_click(HomeLocators.play_btn, 'play_btn')\nbase/basepage.py:282: in find_and_click\n    ele = self.wait_ele_clickable(locator, step_name)\nbase/basepage.py:229: in wait_ele_clickable\n    ele = WebDriverWait(self.driver, self.timeout).until(\n_ _ _ _ _ _ _ _ _ _ _ _ _ _ _ _ _ _ _ _ _ _ _ _ _ _ _ _ _ _ _ _ _ _ _ _ _ _ _ _ \n\nself = <selenium.webdriver.support.wait.WebDriverWait (session=\"fc2c5f71-cb17-4ddf-be26-043c4d062102\")>\nmethod = <function element_to_be_clickable.<locals>._predicate at 0x11cde0400>\nmessage = ''\n\n    def until(self, method: Callable[[D], Union[Literal[False], T]], message: str = \"\") -> T:\n        \"\"\"Wait until the method returns a value that is not False.\n    \n        Calls the method provided with the driver as an argument until the\n        return value does not evaluate to ``False``.\n    \n        Parameters:\n        -----------\n        method: callable(WebDriver)\n            - A callable object that takes a WebDriver instance as an argument.\n    \n        message: str\n            - Optional message for :exc:`TimeoutException`\n    \n        Return:\n        -------\n        object: T\n            - The result of the last call to `method`\n    \n        Raises:\n        -------\n        TimeoutException\n            - If 'method' does not return a truthy value within the WebDriverWait\n            object's timeout\n    \n        Example:\n        --------\n        >>> from selenium.webdriver.common.by import By\n        >>> from selenium.webdriver.support.ui import WebDriverWait\n        >>> from selenium.webdriver.support import expected_conditions as EC\n    \n        # Wait until an element is visible on the page\n        >>> wait = WebDriverWait(driver, 10)\n        >>> element = wait.until(EC.visibility_of_element_located((By.ID, \"exampleId\")))\n        >>> print(element.text)\n        \"\"\"\n        screen = None\n        stacktrace = None\n    \n        end_time = time.monotonic() + self._timeout\n        while True:\n            try:\n                value = method(self._driver)\n                if value:\n                    return value\n            except self._ignored_exceptions as exc:\n                screen = getattr(exc, \"screen\", None)\n                stacktrace = getattr(exc, \"stacktrace\", None)\n            if time.monotonic() > end_time:\n                break\n            time.sleep(self._poll)\n>       raise TimeoutException(message, screen, stacktrace)\nE       selenium.common.exceptions.TimeoutException: Message: \nE       Stacktrace:\nE       NoSuchElementError: An element could not be located on the page using the given search parameters.\nE           at AndroidUiautomator2Driver.findElOrEls (/Users/luson/.appium/node_modules/appium-uiautomator2-driver/node_modules/appium-android-driver/lib/commands/find.ts:86:11)\nE           at processTicksAndRejections (node:internal/process/task_queues:105:5)\nE           at AndroidUiautomator2Driver.findElOrElsWithProcessing (/usr/local/lib/node_modules/appium/node_modules/@appium/base-driver/lib/basedriver/commands/find.ts:60:12)\nE           at AndroidUiautomator2Driver.findElement (/usr/local/lib/node_modules/appium/node_modules/@appium/base-driver/lib/basedriver/commands/find.ts:75:12)\n\nvenv/lib/python3.13/site-packages/selenium/webdriver/support/wait.py:146: TimeoutException","steps":[{"name":"关闭摄像头","time":{"start":1749802276045,"stop":1749802289272,"duration":13227},"status":"broken","statusMessage":"selenium.common.exceptions.TimeoutException: Message: \nStacktrace:\nNoSuchElementError: An element could not be located on the page using the given search parameters.\n    at AndroidUiautomator2Driver.findElOrEls (/Users/luson/.appium/node_modules/appium-uiautomator2-driver/node_modules/appium-android-driver/lib/commands/find.ts:86:11)\n    at processTicksAndRejections (node:internal/process/task_queues:105:5)\n    at AndroidUiautomator2Driver.findElOrElsWithProcessing (/usr/local/lib/node_modules/appium/node_modules/@appium/base-driver/lib/basedriver/commands/find.ts:60:12)\n    at AndroidUiautomator2Driver.findElement (/usr/local/lib/node_modules/appium/node_modules/@appium/base-driver/lib/basedriver/commands/find.ts:75:12)\n","statusTrace":"  File \"/Users/luson/.jenkins/workspace/CamPro-AutoTest/tests/functional/test_device_setting_page.py\", line 21, in test_camera_close\n    close_camera_sign = device_setting_page.close_camera()\n  File \"/Users/luson/.jenkins/workspace/CamPro-AutoTest/lib/device_setting_page.py\", line 145, in close_camera\n    camera_control_page = home_page.to_camera_control_page()\n  File \"/Users/luson/.jenkins/workspace/CamPro-AutoTest/lib/home_page.py\", line 33, in to_camera_control_page\n    self.find_and_click(HomeLocators.play_btn, 'play_btn')\n    ~~~~~~~~~~~~~~~~~~~^^^^^^^^^^^^^^^^^^^^^^^^^^^^^^^^^^^\n  File \"/Users/luson/.jenkins/workspace/CamPro-AutoTest/base/basepage.py\", line 282, in find_and_click\n    ele = self.wait_ele_clickable(locator, step_name)\n  File \"/Users/luson/.jenkins/workspace/CamPro-AutoTest/base/basepage.py\", line 229, in wait_ele_clickable\n    ele = WebDriverWait(self.driver, self.timeout).until(\n        EC.element_to_be_clickable(locator)\n    )\n  File \"/Users/luson/.jenkins/workspace/CamPro-AutoTest/venv/lib/python3.13/site-packages/selenium/webdriver/support/wait.py\", line 146, in until\n    raise TimeoutException(message, screen, stacktrace)\n","steps":[],"attachments":[{"uid":"89eceff349a0e11f","name":"play_btn截图","source":"89eceff349a0e11f.png","type":"image/png","size":207252}],"parameters":[],"stepsCount":0,"hasContent":true,"shouldDisplayMessage":true,"attachmentsCount":1,"attachmentStep":false}],"attachments":[{"uid":"51a1d4d98d49ecf0","name":"log","source":"51a1d4d98d49ecf0.txt","type":"text/plain","size":4464}],"parameters":[],"stepsCount":1,"hasContent":true,"shouldDisplayMessage":true,"attachmentsCount":2,"attachmentStep":false},"afterStages":[{"name":"setup_device_setting_page::0","time":{"start":1749802289291,"stop":1749802289403,"duration":112},"status":"passed","steps":[],"attachments":[],"parameters":[],"stepsCount":0,"hasContent":false,"shouldDisplayMessage":false,"attachmentsCount":0,"attachmentStep":false},{"name":"setup_camera_setting_page::0","time":{"start":1749802289404,"stop":1749802289524,"duration":120},"status":"passed","steps":[],"attachments":[],"parameters":[],"stepsCount":0,"hasContent":false,"shouldDisplayMessage":false,"attachmentsCount":0,"attachmentStep":false},{"name":"login::0","time":{"start":1749802726065,"stop":1749802726065,"duration":0},"status":"passed","steps":[],"attachments":[],"parameters":[],"stepsCount":0,"hasContent":false,"shouldDisplayMessage":false,"attachmentsCount":0,"attachmentStep":false},{"name":"driver::0","time":{"start":1749802726066,"stop":1749802726633,"duration":567},"status":"passed","steps":[],"attachments":[],"parameters":[],"stepsCount":0,"hasContent":false,"shouldDisplayMessage":false,"attachmentsCount":0,"attachmentStep":false}],"labels":[{"name":"tag","value":"camera"},{"name":"feature","value":"摄像头关闭功能验证"},{"name":"severity","value":"critical"},{"name":"epic","value":"设备设置"},{"name":"tag","value":"smoke"},{"name":"parentSuite","value":"functional"},{"name":"suite","value":"test_device_setting_page"},{"name":"subSuite","value":"TestDeviceSetting"},{"name":"host","value":"lusondeMac-mini.local"},{"name":"thread","value":"22503-MainThread"},{"name":"framework","value":"pytest"},{"name":"language","value":"cpython3"},{"name":"package","value":"functional.test_device_setting_page"},{"name":"resultFormat","value":"allure2"}],"parameters":[],"links":[],"hidden":false,"retry":false,"extra":{"severity":"critical","retries":[{"uid":"1a512a513b16acba","status":"passed","time":{"start":1749781810650,"stop":1749781815206,"duration":4556}}],"categories":[{"name":"Test defects","matchedStatuses":[]}],"tags":["smoke","camera"]},"source":"5888c6cd2320ddcd.json","parameterValues":[]}