{"uid":"71e96913f5d03489","name":"test_login_email_fail[invalidEmail-1234567a-\\u683c\\u5f0f\\u4e0d\\u6b63\\u786e]","fullName":"functional.test_login_page.TestLogin#test_login_email_fail","historyId":"3a26d346092395851c1ae4f7a1c3f440","time":{"start":1749781218800,"stop":1749781231344,"duration":12544},"status":"broken","statusMessage":"selenium.common.exceptions.TimeoutException: Message: \nStacktrace:\nNoSuchElementError: An element could not be located on the page using the given search parameters.\n    at AndroidUiautomator2Driver.findElOrEls (/Users/luson/.appium/node_modules/appium-uiautomator2-driver/node_modules/appium-android-driver/lib/commands/find.ts:86:11)\n    at processTicksAndRejections (node:internal/process/task_queues:105:5)\n    at AndroidUiautomator2Driver.findElOrElsWithProcessing (/usr/local/lib/node_modules/appium/node_modules/@appium/base-driver/lib/basedriver/commands/find.ts:60:12)\n    at AndroidUiautomator2Driver.findElement (/usr/local/lib/node_modules/appium/node_modules/@appium/base-driver/lib/basedriver/commands/find.ts:75:12)","statusTrace":"self = <functional.test_login_page.TestLogin object at 0x10f8a39d0>\ndriver = <appium.webdriver.webdriver.WebDriver (session=\"e54b9274-8aac-4bde-87fd-7b68740c1eac\")>\nemail = 'invalidEmail', password = '1234567a', expect_alert = '格式不正确'\n\n    @allure.feature(\"登录失败\")\n    @allure.story(\"邮箱登陆失败验证页面\")\n    @pytest.mark.parametrize('email,password,expect_alert',[\n        ('invalidEmail',LOGIN_PASSWORD,'格式不正确'),\n        (LOGIN_EMAIL,'12345678','密码错误'),\n        (LOGIN_EMAIL,'','密码错误'),\n    ])\n    def test_login_email_fail(self, driver,email,password,expect_alert):\n        login_page = LoginPage(driver)  # 创建了 LoginPage 类的一个实例，并将测试用的 Selenium driver 对象传递给它\n        with allure.step(f'使用：{email},{password}测试，预期为：{expect_alert}'):\n>           result = login_page.login_by_email(email, password, expect_alert)\n\ntests/functional/test_login_page.py:37: \n_ _ _ _ _ _ _ _ _ _ _ _ _ _ _ _ _ _ _ _ _ _ _ _ _ _ _ _ _ _ _ _ _ _ _ _ _ _ _ _ \nlib/login_page.py:107: in login_by_email\n    self.input_text(LoginLocators.login_input_field, email, 'login_input_field')\nbase/basepage.py:314: in input_text\n    ele = self.wait_ele_presence(locator, step_name)\nbase/basepage.py:169: in wait_ele_presence\n    ele = WebDriverWait(self.driver, self.timeout).until(\n_ _ _ _ _ _ _ _ _ _ _ _ _ _ _ _ _ _ _ _ _ _ _ _ _ _ _ _ _ _ _ _ _ _ _ _ _ _ _ _ \n\nself = <selenium.webdriver.support.wait.WebDriverWait (session=\"e54b9274-8aac-4bde-87fd-7b68740c1eac\")>\nmethod = <function presence_of_element_located.<locals>._predicate at 0x10fb900e0>\nmessage = ''\n\n    def until(self, method: Callable[[D], Union[Literal[False], T]], message: str = \"\") -> T:\n        \"\"\"Wait until the method returns a value that is not False.\n    \n        Calls the method provided with the driver as an argument until the\n        return value does not evaluate to ``False``.\n    \n        Parameters:\n        -----------\n        method: callable(WebDriver)\n            - A callable object that takes a WebDriver instance as an argument.\n    \n        message: str\n            - Optional message for :exc:`TimeoutException`\n    \n        Return:\n        -------\n        object: T\n            - The result of the last call to `method`\n    \n        Raises:\n        -------\n        TimeoutException\n            - If 'method' does not return a truthy value within the WebDriverWait\n            object's timeout\n    \n        Example:\n        --------\n        >>> from selenium.webdriver.common.by import By\n        >>> from selenium.webdriver.support.ui import WebDriverWait\n        >>> from selenium.webdriver.support import expected_conditions as EC\n    \n        # Wait until an element is visible on the page\n        >>> wait = WebDriverWait(driver, 10)\n        >>> element = wait.until(EC.visibility_of_element_located((By.ID, \"exampleId\")))\n        >>> print(element.text)\n        \"\"\"\n        screen = None\n        stacktrace = None\n    \n        end_time = time.monotonic() + self._timeout\n        while True:\n            try:\n                value = method(self._driver)\n                if value:\n                    return value\n            except self._ignored_exceptions as exc:\n                screen = getattr(exc, \"screen\", None)\n                stacktrace = getattr(exc, \"stacktrace\", None)\n            if time.monotonic() > end_time:\n                break\n            time.sleep(self._poll)\n>       raise TimeoutException(message, screen, stacktrace)\nE       selenium.common.exceptions.TimeoutException: Message: \nE       Stacktrace:\nE       NoSuchElementError: An element could not be located on the page using the given search parameters.\nE           at AndroidUiautomator2Driver.findElOrEls (/Users/luson/.appium/node_modules/appium-uiautomator2-driver/node_modules/appium-android-driver/lib/commands/find.ts:86:11)\nE           at processTicksAndRejections (node:internal/process/task_queues:105:5)\nE           at AndroidUiautomator2Driver.findElOrElsWithProcessing (/usr/local/lib/node_modules/appium/node_modules/@appium/base-driver/lib/basedriver/commands/find.ts:60:12)\nE           at AndroidUiautomator2Driver.findElement (/usr/local/lib/node_modules/appium/node_modules/@appium/base-driver/lib/basedriver/commands/find.ts:75:12)\n\nvenv/lib/python3.13/site-packages/selenium/webdriver/support/wait.py:146: TimeoutException","flaky":false,"newFailed":false,"newBroken":false,"newPassed":false,"retriesCount":0,"retriesStatusChange":false,"beforeStages":[{"name":"driver","time":{"start":1749781216066,"stop":1749781218799,"duration":2733},"status":"passed","steps":[],"attachments":[],"parameters":[],"stepsCount":0,"hasContent":false,"shouldDisplayMessage":false,"attachmentsCount":0,"attachmentStep":false}],"testStage":{"status":"broken","statusMessage":"selenium.common.exceptions.TimeoutException: Message: \nStacktrace:\nNoSuchElementError: An element could not be located on the page using the given search parameters.\n    at AndroidUiautomator2Driver.findElOrEls (/Users/luson/.appium/node_modules/appium-uiautomator2-driver/node_modules/appium-android-driver/lib/commands/find.ts:86:11)\n    at processTicksAndRejections (node:internal/process/task_queues:105:5)\n    at AndroidUiautomator2Driver.findElOrElsWithProcessing (/usr/local/lib/node_modules/appium/node_modules/@appium/base-driver/lib/basedriver/commands/find.ts:60:12)\n    at AndroidUiautomator2Driver.findElement (/usr/local/lib/node_modules/appium/node_modules/@appium/base-driver/lib/basedriver/commands/find.ts:75:12)","statusTrace":"self = <functional.test_login_page.TestLogin object at 0x10f8a39d0>\ndriver = <appium.webdriver.webdriver.WebDriver (session=\"e54b9274-8aac-4bde-87fd-7b68740c1eac\")>\nemail = 'invalidEmail', password = '1234567a', expect_alert = '格式不正确'\n\n    @allure.feature(\"登录失败\")\n    @allure.story(\"邮箱登陆失败验证页面\")\n    @pytest.mark.parametrize('email,password,expect_alert',[\n        ('invalidEmail',LOGIN_PASSWORD,'格式不正确'),\n        (LOGIN_EMAIL,'12345678','密码错误'),\n        (LOGIN_EMAIL,'','密码错误'),\n    ])\n    def test_login_email_fail(self, driver,email,password,expect_alert):\n        login_page = LoginPage(driver)  # 创建了 LoginPage 类的一个实例，并将测试用的 Selenium driver 对象传递给它\n        with allure.step(f'使用：{email},{password}测试，预期为：{expect_alert}'):\n>           result = login_page.login_by_email(email, password, expect_alert)\n\ntests/functional/test_login_page.py:37: \n_ _ _ _ _ _ _ _ _ _ _ _ _ _ _ _ _ _ _ _ _ _ _ _ _ _ _ _ _ _ _ _ _ _ _ _ _ _ _ _ \nlib/login_page.py:107: in login_by_email\n    self.input_text(LoginLocators.login_input_field, email, 'login_input_field')\nbase/basepage.py:314: in input_text\n    ele = self.wait_ele_presence(locator, step_name)\nbase/basepage.py:169: in wait_ele_presence\n    ele = WebDriverWait(self.driver, self.timeout).until(\n_ _ _ _ _ _ _ _ _ _ _ _ _ _ _ _ _ _ _ _ _ _ _ _ _ _ _ _ _ _ _ _ _ _ _ _ _ _ _ _ \n\nself = <selenium.webdriver.support.wait.WebDriverWait (session=\"e54b9274-8aac-4bde-87fd-7b68740c1eac\")>\nmethod = <function presence_of_element_located.<locals>._predicate at 0x10fb900e0>\nmessage = ''\n\n    def until(self, method: Callable[[D], Union[Literal[False], T]], message: str = \"\") -> T:\n        \"\"\"Wait until the method returns a value that is not False.\n    \n        Calls the method provided with the driver as an argument until the\n        return value does not evaluate to ``False``.\n    \n        Parameters:\n        -----------\n        method: callable(WebDriver)\n            - A callable object that takes a WebDriver instance as an argument.\n    \n        message: str\n            - Optional message for :exc:`TimeoutException`\n    \n        Return:\n        -------\n        object: T\n            - The result of the last call to `method`\n    \n        Raises:\n        -------\n        TimeoutException\n            - If 'method' does not return a truthy value within the WebDriverWait\n            object's timeout\n    \n        Example:\n        --------\n        >>> from selenium.webdriver.common.by import By\n        >>> from selenium.webdriver.support.ui import WebDriverWait\n        >>> from selenium.webdriver.support import expected_conditions as EC\n    \n        # Wait until an element is visible on the page\n        >>> wait = WebDriverWait(driver, 10)\n        >>> element = wait.until(EC.visibility_of_element_located((By.ID, \"exampleId\")))\n        >>> print(element.text)\n        \"\"\"\n        screen = None\n        stacktrace = None\n    \n        end_time = time.monotonic() + self._timeout\n        while True:\n            try:\n                value = method(self._driver)\n                if value:\n                    return value\n            except self._ignored_exceptions as exc:\n                screen = getattr(exc, \"screen\", None)\n                stacktrace = getattr(exc, \"stacktrace\", None)\n            if time.monotonic() > end_time:\n                break\n            time.sleep(self._poll)\n>       raise TimeoutException(message, screen, stacktrace)\nE       selenium.common.exceptions.TimeoutException: Message: \nE       Stacktrace:\nE       NoSuchElementError: An element could not be located on the page using the given search parameters.\nE           at AndroidUiautomator2Driver.findElOrEls (/Users/luson/.appium/node_modules/appium-uiautomator2-driver/node_modules/appium-android-driver/lib/commands/find.ts:86:11)\nE           at processTicksAndRejections (node:internal/process/task_queues:105:5)\nE           at AndroidUiautomator2Driver.findElOrElsWithProcessing (/usr/local/lib/node_modules/appium/node_modules/@appium/base-driver/lib/basedriver/commands/find.ts:60:12)\nE           at AndroidUiautomator2Driver.findElement (/usr/local/lib/node_modules/appium/node_modules/@appium/base-driver/lib/basedriver/commands/find.ts:75:12)\n\nvenv/lib/python3.13/site-packages/selenium/webdriver/support/wait.py:146: TimeoutException","steps":[{"name":"使用：invalidEmail,1234567a测试，预期为：格式不正确","time":{"start":1749781218800,"stop":1749781231339,"duration":12539},"status":"broken","statusMessage":"selenium.common.exceptions.TimeoutException: Message: \nStacktrace:\nNoSuchElementError: An element could not be located on the page using the given search parameters.\n    at AndroidUiautomator2Driver.findElOrEls (/Users/luson/.appium/node_modules/appium-uiautomator2-driver/node_modules/appium-android-driver/lib/commands/find.ts:86:11)\n    at processTicksAndRejections (node:internal/process/task_queues:105:5)\n    at AndroidUiautomator2Driver.findElOrElsWithProcessing (/usr/local/lib/node_modules/appium/node_modules/@appium/base-driver/lib/basedriver/commands/find.ts:60:12)\n    at AndroidUiautomator2Driver.findElement (/usr/local/lib/node_modules/appium/node_modules/@appium/base-driver/lib/basedriver/commands/find.ts:75:12)\n","statusTrace":"  File \"/Users/luson/.jenkins/workspace/CamPro-AutoTest/tests/functional/test_login_page.py\", line 37, in test_login_email_fail\n    result = login_page.login_by_email(email, password, expect_alert)\n  File \"/Users/luson/.jenkins/workspace/CamPro-AutoTest/lib/login_page.py\", line 107, in login_by_email\n    self.input_text(LoginLocators.login_input_field, email, 'login_input_field')\n    ~~~~~~~~~~~~~~~^^^^^^^^^^^^^^^^^^^^^^^^^^^^^^^^^^^^^^^^^^^^^^^^^^^^^^^^^^^^^\n  File \"/Users/luson/.jenkins/workspace/CamPro-AutoTest/base/basepage.py\", line 314, in input_text\n    ele = self.wait_ele_presence(locator, step_name)\n  File \"/Users/luson/.jenkins/workspace/CamPro-AutoTest/base/basepage.py\", line 169, in wait_ele_presence\n    ele = WebDriverWait(self.driver, self.timeout).until(\n        EC.presence_of_element_located(locator)\n    )\n  File \"/Users/luson/.jenkins/workspace/CamPro-AutoTest/venv/lib/python3.13/site-packages/selenium/webdriver/support/wait.py\", line 146, in until\n    raise TimeoutException(message, screen, stacktrace)\n","steps":[],"attachments":[{"uid":"33698eb039e48a6b","name":"login_input_field截图","source":"33698eb039e48a6b.png","type":"image/png","size":1393749}],"parameters":[],"stepsCount":0,"hasContent":true,"shouldDisplayMessage":true,"attachmentsCount":1,"attachmentStep":false}],"attachments":[{"uid":"a4be2f411aec39d8","name":"log","source":"a4be2f411aec39d8.txt","type":"text/plain","size":2857}],"parameters":[],"stepsCount":1,"hasContent":true,"shouldDisplayMessage":true,"attachmentsCount":2,"attachmentStep":false},"afterStages":[{"name":"driver::0","time":{"start":1749782198469,"stop":1749782199117,"duration":648},"status":"passed","steps":[],"attachments":[],"parameters":[],"stepsCount":0,"hasContent":false,"shouldDisplayMessage":false,"attachmentsCount":0,"attachmentStep":false}],"labels":[{"name":"story","value":"邮箱登陆失败验证页面"},{"name":"epic","value":"登录与退出"},{"name":"feature","value":"登录失败"},{"name":"tag","value":"login_page"},{"name":"parentSuite","value":"functional"},{"name":"suite","value":"test_login_page"},{"name":"subSuite","value":"TestLogin"},{"name":"host","value":"lusondeMac-mini.local"},{"name":"thread","value":"19898-MainThread"},{"name":"framework","value":"pytest"},{"name":"language","value":"cpython3"},{"name":"package","value":"functional.test_login_page"},{"name":"resultFormat","value":"allure2"}],"parameters":[{"name":"email","value":"'invalidEmail'"},{"name":"expect_alert","value":"'格式不正确'"},{"name":"password","value":"'1234567a'"}],"links":[],"hidden":true,"retry":true,"extra":{"categories":[],"tags":["login_page"]},"source":"71e96913f5d03489.json","parameterValues":["'invalidEmail'","'格式不正确'","'1234567a'"]}