{"uid":"e432120fa2f4890f","name":"test_change_system_notice[1]","fullName":"functional.test_alarm_notice_page.TestAlarmNotice#test_change_system_notice","historyId":"b7fb48ee9840c3c099720b39782a078c","time":{"start":1749802048034,"stop":1749802061955,"duration":13921},"description":"验证系统通知开关切换功能是否正常","descriptionHtml":"<p>验证系统通知开关切换功能是否正常</p>\n","status":"broken","statusMessage":"selenium.common.exceptions.TimeoutException: Message: \nStacktrace:\nNoSuchElementError: An element could not be located on the page using the given search parameters.\n    at AndroidUiautomator2Driver.findElOrEls (/Users/luson/.appium/node_modules/appium-uiautomator2-driver/node_modules/appium-android-driver/lib/commands/find.ts:86:11)\n    at processTicksAndRejections (node:internal/process/task_queues:105:5)\n    at AndroidUiautomator2Driver.findElOrElsWithProcessing (/usr/local/lib/node_modules/appium/node_modules/@appium/base-driver/lib/basedriver/commands/find.ts:60:12)\n    at AndroidUiautomator2Driver.findElement (/usr/local/lib/node_modules/appium/node_modules/@appium/base-driver/lib/basedriver/commands/find.ts:75:12)","statusTrace":"self = <functional.test_alarm_notice_page.TestAlarmNotice object at 0x11c5cfd90>\nsetup_alarm_notice_page = <lib.alarm_notice_page.AlarmNoticePage object at 0x11ce286e0>\nrun_index = 1\n\n    @pytest.mark.parametrize('run_index', [1, 2])\n    @allure.feature(\"系统通知开关切换测试\")\n    @allure.description(\"验证系统通知开关切换功能是否正常\")\n    def test_change_system_notice(self,setup_alarm_notice_page, run_index):\n        alarm_notice_page = setup_alarm_notice_page\n        setting_page = SettingPage(alarm_notice_page.driver)\n        updated_status = alarm_notice_page.change_system_notice()\n        if updated_status:\n            expect_msg = '开'\n        else:\n            expect_msg = '关'\n>       actual_msg = setting_page.get_alarm_notice_status()\n\ntests/functional/test_alarm_notice_page.py:23: \n_ _ _ _ _ _ _ _ _ _ _ _ _ _ _ _ _ _ _ _ _ _ _ _ _ _ _ _ _ _ _ _ _ _ _ _ _ _ _ _ \nlib/setting_page.py:136: in get_alarm_notice_status\n    alarm_notice_tag = self.get_attribute(SettingLocators.ALARM_NOTICE_BTN, 'text',  'alarm_notice_tag')\nbase/basepage.py:363: in get_attribute\n    ele = self.wait_ele_presence(locator, step_name)\nbase/basepage.py:169: in wait_ele_presence\n    ele = WebDriverWait(self.driver, self.timeout).until(\n_ _ _ _ _ _ _ _ _ _ _ _ _ _ _ _ _ _ _ _ _ _ _ _ _ _ _ _ _ _ _ _ _ _ _ _ _ _ _ _ \n\nself = <selenium.webdriver.support.wait.WebDriverWait (session=\"fc2c5f71-cb17-4ddf-be26-043c4d062102\")>\nmethod = <function presence_of_element_located.<locals>._predicate at 0x11cc92a20>\nmessage = ''\n\n    def until(self, method: Callable[[D], Union[Literal[False], T]], message: str = \"\") -> T:\n        \"\"\"Wait until the method returns a value that is not False.\n    \n        Calls the method provided with the driver as an argument until the\n        return value does not evaluate to ``False``.\n    \n        Parameters:\n        -----------\n        method: callable(WebDriver)\n            - A callable object that takes a WebDriver instance as an argument.\n    \n        message: str\n            - Optional message for :exc:`TimeoutException`\n    \n        Return:\n        -------\n        object: T\n            - The result of the last call to `method`\n    \n        Raises:\n        -------\n        TimeoutException\n            - If 'method' does not return a truthy value within the WebDriverWait\n            object's timeout\n    \n        Example:\n        --------\n        >>> from selenium.webdriver.common.by import By\n        >>> from selenium.webdriver.support.ui import WebDriverWait\n        >>> from selenium.webdriver.support import expected_conditions as EC\n    \n        # Wait until an element is visible on the page\n        >>> wait = WebDriverWait(driver, 10)\n        >>> element = wait.until(EC.visibility_of_element_located((By.ID, \"exampleId\")))\n        >>> print(element.text)\n        \"\"\"\n        screen = None\n        stacktrace = None\n    \n        end_time = time.monotonic() + self._timeout\n        while True:\n            try:\n                value = method(self._driver)\n                if value:\n                    return value\n            except self._ignored_exceptions as exc:\n                screen = getattr(exc, \"screen\", None)\n                stacktrace = getattr(exc, \"stacktrace\", None)\n            if time.monotonic() > end_time:\n                break\n            time.sleep(self._poll)\n>       raise TimeoutException(message, screen, stacktrace)\nE       selenium.common.exceptions.TimeoutException: Message: \nE       Stacktrace:\nE       NoSuchElementError: An element could not be located on the page using the given search parameters.\nE           at AndroidUiautomator2Driver.findElOrEls (/Users/luson/.appium/node_modules/appium-uiautomator2-driver/node_modules/appium-android-driver/lib/commands/find.ts:86:11)\nE           at processTicksAndRejections (node:internal/process/task_queues:105:5)\nE           at AndroidUiautomator2Driver.findElOrElsWithProcessing (/usr/local/lib/node_modules/appium/node_modules/@appium/base-driver/lib/basedriver/commands/find.ts:60:12)\nE           at AndroidUiautomator2Driver.findElement (/usr/local/lib/node_modules/appium/node_modules/@appium/base-driver/lib/basedriver/commands/find.ts:75:12)\n\nvenv/lib/python3.13/site-packages/selenium/webdriver/support/wait.py:146: TimeoutException","flaky":false,"newFailed":false,"newBroken":false,"newPassed":false,"retriesCount":1,"retriesStatusChange":true,"beforeStages":[{"name":"driver","time":{"start":1749801618954,"stop":1749801620960,"duration":2006},"status":"passed","steps":[],"attachments":[],"parameters":[],"stepsCount":0,"hasContent":false,"shouldDisplayMessage":false,"attachmentsCount":0,"attachmentStep":false},{"name":"login","time":{"start":1749801759759,"stop":1749801759829,"duration":70},"status":"passed","steps":[],"attachments":[],"parameters":[],"stepsCount":0,"hasContent":false,"shouldDisplayMessage":false,"attachmentsCount":0,"attachmentStep":false},{"name":"setup_camera_setting_page","time":{"start":1749802040663,"stop":1749802047913,"duration":7250},"status":"passed","steps":[],"attachments":[],"parameters":[],"stepsCount":0,"hasContent":false,"shouldDisplayMessage":false,"attachmentsCount":0,"attachmentStep":false},{"name":"setup_alarm_notice_page","time":{"start":1749802047913,"stop":1749802048033,"duration":120},"status":"passed","steps":[],"attachments":[],"parameters":[],"stepsCount":0,"hasContent":false,"shouldDisplayMessage":false,"attachmentsCount":0,"attachmentStep":false}],"testStage":{"description":"验证系统通知开关切换功能是否正常","status":"broken","statusMessage":"selenium.common.exceptions.TimeoutException: Message: \nStacktrace:\nNoSuchElementError: An element could not be located on the page using the given search parameters.\n    at AndroidUiautomator2Driver.findElOrEls (/Users/luson/.appium/node_modules/appium-uiautomator2-driver/node_modules/appium-android-driver/lib/commands/find.ts:86:11)\n    at processTicksAndRejections (node:internal/process/task_queues:105:5)\n    at AndroidUiautomator2Driver.findElOrElsWithProcessing (/usr/local/lib/node_modules/appium/node_modules/@appium/base-driver/lib/basedriver/commands/find.ts:60:12)\n    at AndroidUiautomator2Driver.findElement (/usr/local/lib/node_modules/appium/node_modules/@appium/base-driver/lib/basedriver/commands/find.ts:75:12)","statusTrace":"self = <functional.test_alarm_notice_page.TestAlarmNotice object at 0x11c5cfd90>\nsetup_alarm_notice_page = <lib.alarm_notice_page.AlarmNoticePage object at 0x11ce286e0>\nrun_index = 1\n\n    @pytest.mark.parametrize('run_index', [1, 2])\n    @allure.feature(\"系统通知开关切换测试\")\n    @allure.description(\"验证系统通知开关切换功能是否正常\")\n    def test_change_system_notice(self,setup_alarm_notice_page, run_index):\n        alarm_notice_page = setup_alarm_notice_page\n        setting_page = SettingPage(alarm_notice_page.driver)\n        updated_status = alarm_notice_page.change_system_notice()\n        if updated_status:\n            expect_msg = '开'\n        else:\n            expect_msg = '关'\n>       actual_msg = setting_page.get_alarm_notice_status()\n\ntests/functional/test_alarm_notice_page.py:23: \n_ _ _ _ _ _ _ _ _ _ _ _ _ _ _ _ _ _ _ _ _ _ _ _ _ _ _ _ _ _ _ _ _ _ _ _ _ _ _ _ \nlib/setting_page.py:136: in get_alarm_notice_status\n    alarm_notice_tag = self.get_attribute(SettingLocators.ALARM_NOTICE_BTN, 'text',  'alarm_notice_tag')\nbase/basepage.py:363: in get_attribute\n    ele = self.wait_ele_presence(locator, step_name)\nbase/basepage.py:169: in wait_ele_presence\n    ele = WebDriverWait(self.driver, self.timeout).until(\n_ _ _ _ _ _ _ _ _ _ _ _ _ _ _ _ _ _ _ _ _ _ _ _ _ _ _ _ _ _ _ _ _ _ _ _ _ _ _ _ \n\nself = <selenium.webdriver.support.wait.WebDriverWait (session=\"fc2c5f71-cb17-4ddf-be26-043c4d062102\")>\nmethod = <function presence_of_element_located.<locals>._predicate at 0x11cc92a20>\nmessage = ''\n\n    def until(self, method: Callable[[D], Union[Literal[False], T]], message: str = \"\") -> T:\n        \"\"\"Wait until the method returns a value that is not False.\n    \n        Calls the method provided with the driver as an argument until the\n        return value does not evaluate to ``False``.\n    \n        Parameters:\n        -----------\n        method: callable(WebDriver)\n            - A callable object that takes a WebDriver instance as an argument.\n    \n        message: str\n            - Optional message for :exc:`TimeoutException`\n    \n        Return:\n        -------\n        object: T\n            - The result of the last call to `method`\n    \n        Raises:\n        -------\n        TimeoutException\n            - If 'method' does not return a truthy value within the WebDriverWait\n            object's timeout\n    \n        Example:\n        --------\n        >>> from selenium.webdriver.common.by import By\n        >>> from selenium.webdriver.support.ui import WebDriverWait\n        >>> from selenium.webdriver.support import expected_conditions as EC\n    \n        # Wait until an element is visible on the page\n        >>> wait = WebDriverWait(driver, 10)\n        >>> element = wait.until(EC.visibility_of_element_located((By.ID, \"exampleId\")))\n        >>> print(element.text)\n        \"\"\"\n        screen = None\n        stacktrace = None\n    \n        end_time = time.monotonic() + self._timeout\n        while True:\n            try:\n                value = method(self._driver)\n                if value:\n                    return value\n            except self._ignored_exceptions as exc:\n                screen = getattr(exc, \"screen\", None)\n                stacktrace = getattr(exc, \"stacktrace\", None)\n            if time.monotonic() > end_time:\n                break\n            time.sleep(self._poll)\n>       raise TimeoutException(message, screen, stacktrace)\nE       selenium.common.exceptions.TimeoutException: Message: \nE       Stacktrace:\nE       NoSuchElementError: An element could not be located on the page using the given search parameters.\nE           at AndroidUiautomator2Driver.findElOrEls (/Users/luson/.appium/node_modules/appium-uiautomator2-driver/node_modules/appium-android-driver/lib/commands/find.ts:86:11)\nE           at processTicksAndRejections (node:internal/process/task_queues:105:5)\nE           at AndroidUiautomator2Driver.findElOrElsWithProcessing (/usr/local/lib/node_modules/appium/node_modules/@appium/base-driver/lib/basedriver/commands/find.ts:60:12)\nE           at AndroidUiautomator2Driver.findElement (/usr/local/lib/node_modules/appium/node_modules/@appium/base-driver/lib/basedriver/commands/find.ts:75:12)\n\nvenv/lib/python3.13/site-packages/selenium/webdriver/support/wait.py:146: TimeoutException","steps":[],"attachments":[{"uid":"6ad663a7fcbc33c4","name":"alarm_notice_tag截图","source":"6ad663a7fcbc33c4.png","type":"image/png","size":96476},{"uid":"c27c4cde961acc1e","name":"log","source":"c27c4cde961acc1e.txt","type":"text/plain","size":4118}],"parameters":[],"stepsCount":0,"hasContent":true,"shouldDisplayMessage":true,"attachmentsCount":2,"attachmentStep":false},"afterStages":[{"name":"setup_alarm_notice_page::0","time":{"start":1749802061978,"stop":1749802062083,"duration":105},"status":"passed","steps":[],"attachments":[],"parameters":[],"stepsCount":0,"hasContent":false,"shouldDisplayMessage":false,"attachmentsCount":0,"attachmentStep":false},{"name":"setup_camera_setting_page::0","time":{"start":1749802062083,"stop":1749802062169,"duration":86},"status":"passed","steps":[],"attachments":[],"parameters":[],"stepsCount":0,"hasContent":false,"shouldDisplayMessage":false,"attachmentsCount":0,"attachmentStep":false},{"name":"login::0","time":{"start":1749802726065,"stop":1749802726065,"duration":0},"status":"passed","steps":[],"attachments":[],"parameters":[],"stepsCount":0,"hasContent":false,"shouldDisplayMessage":false,"attachmentsCount":0,"attachmentStep":false},{"name":"driver::0","time":{"start":1749802726066,"stop":1749802726633,"duration":567},"status":"passed","steps":[],"attachments":[],"parameters":[],"stepsCount":0,"hasContent":false,"shouldDisplayMessage":false,"attachmentsCount":0,"attachmentStep":false}],"labels":[{"name":"epic","value":"报警通知"},{"name":"feature","value":"系统通知开关切换测试"},{"name":"parentSuite","value":"functional"},{"name":"suite","value":"test_alarm_notice_page"},{"name":"subSuite","value":"TestAlarmNotice"},{"name":"host","value":"lusondeMac-mini.local"},{"name":"thread","value":"22503-MainThread"},{"name":"framework","value":"pytest"},{"name":"language","value":"cpython3"},{"name":"package","value":"functional.test_alarm_notice_page"},{"name":"resultFormat","value":"allure2"}],"parameters":[{"name":"run_index","value":"1"}],"links":[],"hidden":false,"retry":false,"extra":{"severity":"normal","retries":[{"uid":"4f59eb9867f58586","status":"passed","time":{"start":1749781647092,"stop":1749781650211,"duration":3119}}],"categories":[{"name":"Test defects","matchedStatuses":[]}],"tags":[]},"source":"e432120fa2f4890f.json","parameterValues":["1"]}