{"uid":"eaf4d413e7e99644","name":"test_light_control","fullName":"functional.test_camera_page.TestCameraControl#test_light_control","historyId":"a2d20e9d875fccaabd5edf4f0bd73ede","time":{"start":1749781468081,"stop":1749781478811,"duration":10730},"status":"broken","statusMessage":"selenium.common.exceptions.TimeoutException: Message: \nStacktrace:\nNoSuchElementError: An element could not be located on the page using the given search parameters.\n    at AndroidUiautomator2Driver.findElOrEls (/Users/luson/.appium/node_modules/appium-uiautomator2-driver/node_modules/appium-android-driver/lib/commands/find.ts:86:11)\n    at processTicksAndRejections (node:internal/process/task_queues:105:5)\n    at AndroidUiautomator2Driver.findElOrElsWithProcessing (/usr/local/lib/node_modules/appium/node_modules/@appium/base-driver/lib/basedriver/commands/find.ts:60:12)\n    at AndroidUiautomator2Driver.findElement (/usr/local/lib/node_modules/appium/node_modules/@appium/base-driver/lib/basedriver/commands/find.ts:75:12)","statusTrace":"self = <functional.test_camera_page.TestCameraControl object at 0x10f8736b0>\nsetup_camera_page = <lib.camera_control_page.CameraControlPage object at 0x10fb80b00>\n\n    @allure.feature(\"视频流基本操作\")\n    @allure.story('视频流灯光控制模式')\n    def test_light_control(self, setup_camera_page):\n        nums = [2, 3, 1]\n        camera_page = setup_camera_page\n        for num in nums:\n>           camera_page.set_light_control_mode(num)\n\ntests/functional/test_camera_page.py:154: \n_ _ _ _ _ _ _ _ _ _ _ _ _ _ _ _ _ _ _ _ _ _ _ _ _ _ _ _ _ _ _ _ _ _ _ _ _ _ _ _ \nlib/camera_control_page.py:144: in set_light_control_mode\n    self.wait_camera_stable()\nlib/camera_control_page.py:17: in wait_camera_stable\n    self.wait_ele_visibility(CameraControlLocators.wifi_sign,'wifi_sign') # 等画面稳定\nbase/basepage.py:210: in wait_ele_visibility\n    ele = WebDriverWait(self.driver, self.timeout).until(\n_ _ _ _ _ _ _ _ _ _ _ _ _ _ _ _ _ _ _ _ _ _ _ _ _ _ _ _ _ _ _ _ _ _ _ _ _ _ _ _ \n\nself = <selenium.webdriver.support.wait.WebDriverWait (session=\"e54b9274-8aac-4bde-87fd-7b68740c1eac\")>\nmethod = <function visibility_of_element_located.<locals>._predicate at 0x10faf58a0>\nmessage = ''\n\n    def until(self, method: Callable[[D], Union[Literal[False], T]], message: str = \"\") -> T:\n        \"\"\"Wait until the method returns a value that is not False.\n    \n        Calls the method provided with the driver as an argument until the\n        return value does not evaluate to ``False``.\n    \n        Parameters:\n        -----------\n        method: callable(WebDriver)\n            - A callable object that takes a WebDriver instance as an argument.\n    \n        message: str\n            - Optional message for :exc:`TimeoutException`\n    \n        Return:\n        -------\n        object: T\n            - The result of the last call to `method`\n    \n        Raises:\n        -------\n        TimeoutException\n            - If 'method' does not return a truthy value within the WebDriverWait\n            object's timeout\n    \n        Example:\n        --------\n        >>> from selenium.webdriver.common.by import By\n        >>> from selenium.webdriver.support.ui import WebDriverWait\n        >>> from selenium.webdriver.support import expected_conditions as EC\n    \n        # Wait until an element is visible on the page\n        >>> wait = WebDriverWait(driver, 10)\n        >>> element = wait.until(EC.visibility_of_element_located((By.ID, \"exampleId\")))\n        >>> print(element.text)\n        \"\"\"\n        screen = None\n        stacktrace = None\n    \n        end_time = time.monotonic() + self._timeout\n        while True:\n            try:\n                value = method(self._driver)\n                if value:\n                    return value\n            except self._ignored_exceptions as exc:\n                screen = getattr(exc, \"screen\", None)\n                stacktrace = getattr(exc, \"stacktrace\", None)\n            if time.monotonic() > end_time:\n                break\n            time.sleep(self._poll)\n>       raise TimeoutException(message, screen, stacktrace)\nE       selenium.common.exceptions.TimeoutException: Message: \nE       Stacktrace:\nE       NoSuchElementError: An element could not be located on the page using the given search parameters.\nE           at AndroidUiautomator2Driver.findElOrEls (/Users/luson/.appium/node_modules/appium-uiautomator2-driver/node_modules/appium-android-driver/lib/commands/find.ts:86:11)\nE           at processTicksAndRejections (node:internal/process/task_queues:105:5)\nE           at AndroidUiautomator2Driver.findElOrElsWithProcessing (/usr/local/lib/node_modules/appium/node_modules/@appium/base-driver/lib/basedriver/commands/find.ts:60:12)\nE           at AndroidUiautomator2Driver.findElement (/usr/local/lib/node_modules/appium/node_modules/@appium/base-driver/lib/basedriver/commands/find.ts:75:12)\n\nvenv/lib/python3.13/site-packages/selenium/webdriver/support/wait.py:146: TimeoutException","flaky":false,"newFailed":false,"newBroken":false,"newPassed":false,"retriesCount":0,"retriesStatusChange":false,"beforeStages":[{"name":"driver","time":{"start":1749781216066,"stop":1749781218799,"duration":2733},"status":"passed","steps":[],"attachments":[],"parameters":[],"stepsCount":0,"hasContent":false,"shouldDisplayMessage":false,"attachmentsCount":0,"attachmentStep":false},{"name":"login","time":{"start":1749781317006,"stop":1749781317093,"duration":87},"status":"passed","steps":[],"attachments":[],"parameters":[],"stepsCount":0,"hasContent":false,"shouldDisplayMessage":false,"attachmentsCount":0,"attachmentStep":false},{"name":"setup_camera_page","time":{"start":1749781464078,"stop":1749781468080,"duration":4002},"status":"passed","steps":[],"attachments":[],"parameters":[],"stepsCount":0,"hasContent":false,"shouldDisplayMessage":false,"attachmentsCount":0,"attachmentStep":false}],"testStage":{"status":"broken","statusMessage":"selenium.common.exceptions.TimeoutException: Message: \nStacktrace:\nNoSuchElementError: An element could not be located on the page using the given search parameters.\n    at AndroidUiautomator2Driver.findElOrEls (/Users/luson/.appium/node_modules/appium-uiautomator2-driver/node_modules/appium-android-driver/lib/commands/find.ts:86:11)\n    at processTicksAndRejections (node:internal/process/task_queues:105:5)\n    at AndroidUiautomator2Driver.findElOrElsWithProcessing (/usr/local/lib/node_modules/appium/node_modules/@appium/base-driver/lib/basedriver/commands/find.ts:60:12)\n    at AndroidUiautomator2Driver.findElement (/usr/local/lib/node_modules/appium/node_modules/@appium/base-driver/lib/basedriver/commands/find.ts:75:12)","statusTrace":"self = <functional.test_camera_page.TestCameraControl object at 0x10f8736b0>\nsetup_camera_page = <lib.camera_control_page.CameraControlPage object at 0x10fb80b00>\n\n    @allure.feature(\"视频流基本操作\")\n    @allure.story('视频流灯光控制模式')\n    def test_light_control(self, setup_camera_page):\n        nums = [2, 3, 1]\n        camera_page = setup_camera_page\n        for num in nums:\n>           camera_page.set_light_control_mode(num)\n\ntests/functional/test_camera_page.py:154: \n_ _ _ _ _ _ _ _ _ _ _ _ _ _ _ _ _ _ _ _ _ _ _ _ _ _ _ _ _ _ _ _ _ _ _ _ _ _ _ _ \nlib/camera_control_page.py:144: in set_light_control_mode\n    self.wait_camera_stable()\nlib/camera_control_page.py:17: in wait_camera_stable\n    self.wait_ele_visibility(CameraControlLocators.wifi_sign,'wifi_sign') # 等画面稳定\nbase/basepage.py:210: in wait_ele_visibility\n    ele = WebDriverWait(self.driver, self.timeout).until(\n_ _ _ _ _ _ _ _ _ _ _ _ _ _ _ _ _ _ _ _ _ _ _ _ _ _ _ _ _ _ _ _ _ _ _ _ _ _ _ _ \n\nself = <selenium.webdriver.support.wait.WebDriverWait (session=\"e54b9274-8aac-4bde-87fd-7b68740c1eac\")>\nmethod = <function visibility_of_element_located.<locals>._predicate at 0x10faf58a0>\nmessage = ''\n\n    def until(self, method: Callable[[D], Union[Literal[False], T]], message: str = \"\") -> T:\n        \"\"\"Wait until the method returns a value that is not False.\n    \n        Calls the method provided with the driver as an argument until the\n        return value does not evaluate to ``False``.\n    \n        Parameters:\n        -----------\n        method: callable(WebDriver)\n            - A callable object that takes a WebDriver instance as an argument.\n    \n        message: str\n            - Optional message for :exc:`TimeoutException`\n    \n        Return:\n        -------\n        object: T\n            - The result of the last call to `method`\n    \n        Raises:\n        -------\n        TimeoutException\n            - If 'method' does not return a truthy value within the WebDriverWait\n            object's timeout\n    \n        Example:\n        --------\n        >>> from selenium.webdriver.common.by import By\n        >>> from selenium.webdriver.support.ui import WebDriverWait\n        >>> from selenium.webdriver.support import expected_conditions as EC\n    \n        # Wait until an element is visible on the page\n        >>> wait = WebDriverWait(driver, 10)\n        >>> element = wait.until(EC.visibility_of_element_located((By.ID, \"exampleId\")))\n        >>> print(element.text)\n        \"\"\"\n        screen = None\n        stacktrace = None\n    \n        end_time = time.monotonic() + self._timeout\n        while True:\n            try:\n                value = method(self._driver)\n                if value:\n                    return value\n            except self._ignored_exceptions as exc:\n                screen = getattr(exc, \"screen\", None)\n                stacktrace = getattr(exc, \"stacktrace\", None)\n            if time.monotonic() > end_time:\n                break\n            time.sleep(self._poll)\n>       raise TimeoutException(message, screen, stacktrace)\nE       selenium.common.exceptions.TimeoutException: Message: \nE       Stacktrace:\nE       NoSuchElementError: An element could not be located on the page using the given search parameters.\nE           at AndroidUiautomator2Driver.findElOrEls (/Users/luson/.appium/node_modules/appium-uiautomator2-driver/node_modules/appium-android-driver/lib/commands/find.ts:86:11)\nE           at processTicksAndRejections (node:internal/process/task_queues:105:5)\nE           at AndroidUiautomator2Driver.findElOrElsWithProcessing (/usr/local/lib/node_modules/appium/node_modules/@appium/base-driver/lib/basedriver/commands/find.ts:60:12)\nE           at AndroidUiautomator2Driver.findElement (/usr/local/lib/node_modules/appium/node_modules/@appium/base-driver/lib/basedriver/commands/find.ts:75:12)\n\nvenv/lib/python3.13/site-packages/selenium/webdriver/support/wait.py:146: TimeoutException","steps":[],"attachments":[{"uid":"7d45e8afa5503d46","name":"wifi_sign截图","source":"7d45e8afa5503d46.png","type":"image/png","size":853527},{"uid":"c07e22fa76f7fe81","name":"log","source":"c07e22fa76f7fe81.txt","type":"text/plain","size":1569}],"parameters":[],"stepsCount":0,"hasContent":true,"shouldDisplayMessage":true,"attachmentsCount":2,"attachmentStep":false},"afterStages":[{"name":"setup_camera_page::0","time":{"start":1749781478824,"stop":1749781478900,"duration":76},"status":"passed","steps":[],"attachments":[],"parameters":[],"stepsCount":0,"hasContent":false,"shouldDisplayMessage":false,"attachmentsCount":0,"attachmentStep":false},{"name":"login::0","time":{"start":1749782198468,"stop":1749782198468,"duration":0},"status":"passed","steps":[],"attachments":[],"parameters":[],"stepsCount":0,"hasContent":false,"shouldDisplayMessage":false,"attachmentsCount":0,"attachmentStep":false},{"name":"driver::0","time":{"start":1749782198469,"stop":1749782199117,"duration":648},"status":"passed","steps":[],"attachments":[],"parameters":[],"stepsCount":0,"hasContent":false,"shouldDisplayMessage":false,"attachmentsCount":0,"attachmentStep":false}],"labels":[{"name":"epic","value":"云台控制"},{"name":"feature","value":"视频流基本操作"},{"name":"story","value":"视频流灯光控制模式"},{"name":"parentSuite","value":"functional"},{"name":"suite","value":"test_camera_page"},{"name":"subSuite","value":"TestCameraControl"},{"name":"host","value":"lusondeMac-mini.local"},{"name":"thread","value":"19898-MainThread"},{"name":"framework","value":"pytest"},{"name":"language","value":"cpython3"},{"name":"package","value":"functional.test_camera_page"},{"name":"resultFormat","value":"allure2"}],"parameters":[],"links":[],"hidden":true,"retry":true,"extra":{"categories":[],"tags":[]},"source":"eaf4d413e7e99644.json","parameterValues":[]}